<<<<<<< HEAD
[1115/172515.262:ERROR:directory_reader_win.cc(43)] FindFirstFile: O sistema nï¿½o pode encontrar o caminho especificado. (0x3)
[1116/183740.512:ERROR:directory_reader_win.cc(43)] FindFirstFile: O sistema nï¿½o pode encontrar o caminho especificado. (0x3)
[1116/225656.575:ERROR:directory_reader_win.cc(43)] FindFirstFile: O sistema nï¿½o pode encontrar o caminho especificado. (0x3)
[1117/200321.713:ERROR:directory_reader_win.cc(43)] FindFirstFile: O sistema nï¿½o pode encontrar o caminho especificado. (0x3)
[1118/233055.345:ERROR:directory_reader_win.cc(43)] FindFirstFile: O sistema nï¿½o pode encontrar o caminho especificado. (0x3)
[1119/003950.667:ERROR:directory_reader_win.cc(43)] FindFirstFile: O sistema nï¿½o pode encontrar o caminho especificado. (0x3)
[1119/010048.394:ERROR:directory_reader_win.cc(43)] FindFirstFile: O sistema nï¿½o pode encontrar o caminho especificado. (0x3)
[1122/151646.180:ERROR:directory_reader_win.cc(43)] FindFirstFile: O sistema nï¿½o pode encontrar o caminho especificado. (0x3)
[1122/164304.167:ERROR:directory_reader_win.cc(43)] FindFirstFile: O sistema nï¿½o pode encontrar o caminho especificado. (0x3)
[1122/172421.041:ERROR:directory_reader_win.cc(43)] FindFirstFile: O sistema nï¿½o pode encontrar o caminho especificado. (0x3)
[1122/235240.771:ERROR:directory_reader_win.cc(43)] FindFirstFile: O sistema nï¿½o pode encontrar o caminho especificado. (0x3)
[1123/163856.474:ERROR:directory_reader_win.cc(43)] FindFirstFile: O sistema nï¿½o pode encontrar o caminho especificado. (0x3)
[1123/182753.119:ERROR:directory_reader_win.cc(43)] FindFirstFile: O sistema nï¿½o pode encontrar o caminho especificado. (0x3)
[1124/214048.811:ERROR:directory_reader_win.cc(43)] FindFirstFile: O sistema nï¿½o pode encontrar o caminho especificado. (0x3)
[1125/212316.034:ERROR:directory_reader_win.cc(43)] FindFirstFile: O sistema nï¿½o pode encontrar o caminho especificado. (0x3)
[1125/225745.096:ERROR:directory_reader_win.cc(43)] FindFirstFile: O sistema nï¿½o pode encontrar o caminho especificado. (0x3)
[1127/001315.933:ERROR:directory_reader_win.cc(43)] FindFirstFile: O sistema nï¿½o pode encontrar o caminho especificado. (0x3)
[1127/003335.150:ERROR:directory_reader_win.cc(43)] FindFirstFile: O sistema nï¿½o pode encontrar o caminho especificado. (0x3)
[1128/124934.892:ERROR:directory_reader_win.cc(43)] FindFirstFile: O sistema nï¿½o pode encontrar o caminho especificado. (0x3)
[1129/123618.266:ERROR:directory_reader_win.cc(43)] FindFirstFile: O sistema nï¿½o pode encontrar o caminho especificado. (0x3)
[1130/194728.880:ERROR:directory_reader_win.cc(43)] FindFirstFile: O sistema nï¿½o pode encontrar o caminho especificado. (0x3)
[1206/005558.809:ERROR:directory_reader_win.cc(43)] FindFirstFile: O sistema não pode encontrar o caminho especificado. (0x3)
[1206/015035.471:ERROR:directory_reader_win.cc(43)] FindFirstFile: O sistema não pode encontrar o caminho especificado. (0x3)
[1206/162619.171:ERROR:directory_reader_win.cc(43)] FindFirstFile: O sistema não pode encontrar o caminho especificado. (0x3)
[1206/195625.218:ERROR:directory_reader_win.cc(43)] FindFirstFile: O sistema não pode encontrar o caminho especificado. (0x3)
[1208/225719.316:ERROR:directory_reader_win.cc(43)] FindFirstFile: O sistema não pode encontrar o caminho especificado. (0x3)
[1209/203342.800:ERROR:directory_reader_win.cc(43)] FindFirstFile: O sistema não pode encontrar o caminho especificado. (0x3)
[1210/214443.776:ERROR:directory_reader_win.cc(43)] FindFirstFile: O sistema não pode encontrar o caminho especificado. (0x3)
[1210/215815.684:ERROR:directory_reader_win.cc(43)] FindFirstFile: O sistema não pode encontrar o caminho especificado. (0x3)
[1210/222324.172:ERROR:directory_reader_win.cc(43)] FindFirstFile: O sistema não pode encontrar o caminho especificado. (0x3)
[1211/014749.152:ERROR:directory_reader_win.cc(43)] FindFirstFile: O sistema não pode encontrar o caminho especificado. (0x3)
[1211/225108.609:ERROR:directory_reader_win.cc(43)] FindFirstFile: O sistema não pode encontrar o caminho especificado. (0x3)
[1211/233845.980:ERROR:directory_reader_win.cc(43)] FindFirstFile: O sistema não pode encontrar o caminho especificado. (0x3)
<<<<<<< HEAD
[1212/211823.399:ERROR:directory_reader_win.cc(43)] FindFirstFile: O sistema não pode encontrar o caminho especificado. (0x3)
=======
[1212/162914.413:ERROR:directory_reader_win.cc(43)] FindFirstFile: O sistema não pode encontrar o caminho especificado. (0x3)
<<<<<<< HEAD
>>>>>>> bab9cb0f905a722811051a84a8f7938fc18857a3
=======
[1213/001725.377:ERROR:directory_reader_win.cc(43)] FindFirstFile: O sistema não pode encontrar o caminho especificado. (0x3)
[1213/012958.555:ERROR:directory_reader_win.cc(43)] FindFirstFile: O sistema não pode encontrar o caminho especificado. (0x3)
>>>>>>> 3d932911d76f9997e3d41271bdd0c430b07d5954
=======
>>>>>>> b18283bd45eba553b6b4be8c3011ffd1a0dacdda
